2025-05-03 21:44:52,993 - Iteration_4 - INFO - Generated Test Cases:
2025-05-03 21:44:52,993 - Iteration_4 - INFO - Test Case 1: [('a', 2), ('b', 3)]
2025-05-03 21:44:52,993 - Iteration_4 - INFO - Test Case 2: [('a', 12), ('b', 12)]
2025-05-04 10:40:41,358 - Iteration_4 - INFO - Generated Test Cases:
2025-05-04 10:40:41,358 - Iteration_4 - INFO - Test Case 1: [('a', 2), ('b', 3)]
2025-05-04 10:40:41,358 - Iteration_4 - INFO - Test Case 2: [('a', 12), ('b', 12)]
2025-05-04 10:41:27,369 - Iteration_4 - INFO - Generated Test Cases:
2025-05-04 10:41:27,370 - Iteration_4 - INFO - Test Case 1: [('a', 2), ('b', 3)]
2025-05-04 10:41:27,370 - Iteration_4 - INFO - Test Case 2: [('a', 12), ('b', 12)]
2025-05-04 10:51:06,227 - Iteration_4 - INFO - Generated Test Cases:
2025-05-04 10:51:06,237 - Iteration_4 - INFO - Test Case 1: [('a', 2), ('b', 3)]
2025-05-04 10:51:06,237 - Iteration_4 - INFO - Test Case 2: [('a', 12), ('b', 12)]
2025-05-04 11:06:43,786 - Iteration_4 - ERROR - AssertionError occurred: False
2025-05-04 11:09:57,748 - Iteration_4 - ERROR - AssertionError occurred: False
